c:\users\kisg\documents\visual studio 2015\projects\breakoutgamepires\breakoutgamepires\debug\vc140.pdb
c:\users\kisg\documents\visual studio 2015\projects\breakoutgamepires\breakoutgamepires\debug\vc140.idb
c:\users\kisg\documents\visual studio 2015\projects\breakoutgamepires\breakoutgamepires\debug\ball.obj
c:\users\kisg\documents\visual studio 2015\projects\breakoutgamepires\breakoutgamepires\debug\brick.obj
c:\users\kisg\documents\visual studio 2015\projects\breakoutgamepires\breakoutgamepires\debug\gamemanager.obj
c:\users\kisg\documents\visual studio 2015\projects\breakoutgamepires\breakoutgamepires\debug\levelgenerator.obj
c:\users\kisg\documents\visual studio 2015\projects\breakoutgamepires\breakoutgamepires\debug\quadtree.obj
c:\users\kisg\documents\visual studio 2015\projects\breakoutgamepires\breakoutgamepires\debug\source.obj
c:\users\kisg\documents\visual studio 2015\projects\breakoutgamepires\breakoutgamepires\debug\level.obj
c:\users\kisg\documents\visual studio 2015\projects\breakoutgamepires\breakoutgamepires\debug\ui.obj
c:\users\kisg\documents\visual studio 2015\projects\breakoutgamepires\breakoutgamepires\debug\utility.obj
c:\users\kisg\documents\visual studio 2015\projects\breakoutgamepires\breakoutgamepires\debug\tinyxml2.obj
c:\users\kisg\documents\visual studio 2015\projects\breakoutgamepires\debug\breakoutgamepires.ilk
c:\users\kisg\documents\visual studio 2015\projects\breakoutgamepires\debug\breakoutgamepires.exe
c:\users\kisg\documents\visual studio 2015\projects\breakoutgamepires\debug\breakoutgamepires.pdb
c:\users\kisg\documents\visual studio 2015\projects\breakoutgamepires\breakoutgamepires\debug\breakout.abe76007.tlog\cl.command.1.tlog
c:\users\kisg\documents\visual studio 2015\projects\breakoutgamepires\breakoutgamepires\debug\breakout.abe76007.tlog\cl.read.1.tlog
c:\users\kisg\documents\visual studio 2015\projects\breakoutgamepires\breakoutgamepires\debug\breakout.abe76007.tlog\cl.write.1.tlog
c:\users\kisg\documents\visual studio 2015\projects\breakoutgamepires\breakoutgamepires\debug\breakout.abe76007.tlog\link.command.1.tlog
c:\users\kisg\documents\visual studio 2015\projects\breakoutgamepires\breakoutgamepires\debug\breakout.abe76007.tlog\link.read.1.tlog
c:\users\kisg\documents\visual studio 2015\projects\breakoutgamepires\breakoutgamepires\debug\breakout.abe76007.tlog\link.write.1.tlog
